Last login: Tue Feb  7 12:08:50 on ttys000
Ms-MacBook-Pro:~ abhishekarora$ cd Des
-bash: cd: Des: No such file or directory
Ms-MacBook-Pro:~ abhishekarora$ cd Desktop/
Ms-MacBook-Pro:Desktop abhishekarora$ python3 GradientDescent.py 
[0, 500]
[0.34233081151644595, 666.37092245980227]
Ms-MacBook-Pro:Desktop abhishekarora$ python3 GradientDescent.py 
[0, 500]
[0.34233081151644595, 666.37092245980227]
Ms-MacBook-Pro:Desktop abhishekarora$ python3 GradientDescent.py 
[0, 500]
[0.010166666666666666, 21.426833333333331]
Ms-MacBook-Pro:Desktop abhishekarora$ python3 GradientDescent.py 
[0, 500]
[0.047732375838981628, 100.49442100480704]
Ms-MacBook-Pro:Desktop abhishekarora$ python3 GradientDescent.py 
[0, 500]
[0.010166666666666666, 21.426833333333331]
Ms-MacBook-Pro:Desktop abhishekarora$ python3 GradientDescent.py 
[0, 500]
[0.31612787681164595, 643.02780475875932]
Ms-MacBook-Pro:Desktop abhishekarora$ python3 GradientDescent.py 
0.0101666666667 0.0428333333333
0.0200131666667 0.0842962222222
0.0295497334444 0.124432477981
0.0387862732984 0.163284511349
0.047732375839 0.200893377258
0.0563973241132 0.237298818184
0.0647901044043 0.272539306097
0.0729194157195 0.306652083081
0.0807936789732 0.339673200651
0.0884210458773 0.371637557811
0.0958094075476 0.402578937903
0.102966402834 0.432530044267
0.109899426385 0.461522534771
0.116615636455 0.489587055232
0.123121962463 0.516753271768
0.129425112302 0.543049902121
0.135531579429 0.56850474597
0.141447649715 0.593144714286
0.147179408082 0.616995857738
0.152732744929 0.640083394197
0.158113362346 0.662431735359
0.163326780141 0.684064512516
0.168378341659 0.705004601509
0.173273219432 0.725274146872
0.178016420632 0.744894585214
0.182612792361 0.763886667851
0.187067026768 0.782270482713
0.191383666002 0.80006547555
0.195567107008 0.817290470463
0.199621606167 0.833963689777
0.203551283793 0.850102773277
0.207360128479 0.865724796834
0.211052001311 0.880846290431
0.214630639942 0.895483255612
0.21809966254 0.909651182379
0.221462571604 0.923365065542
0.224722757669 0.936639420553
0.227883502877 0.949488298826
0.230947984446 0.961925302575
0.233919278026 0.973963599172
0.236800360942 0.985615935051
0.239594115341 0.996894649161
0.242303331233 1.007811686
0.244930709435 1.0183786082
0.247478864426 1.02860660879
0.249950327102 1.03850652294
0.252347547454 1.04808883945
0.25467289715 1.05736371182
0.256928672039 1.06634096895
0.259117094579 1.07503012552
0.261240316178 1.08344039205
0.263300419468 1.09158068461
0.265299420503 1.09945963424
0.267239270889 1.10708559606
0.269121859842 1.11446665808
0.270949016182 1.12161064977
0.272722510268 1.12852515028
0.274444055862 1.13521749648
0.276115311942 1.1416947907
0.27773788445 1.1479639082
0.27931332799 1.15403150446
0.28084314747 1.15990402219
0.282328799686 1.16558769815
0.283771694866 1.17108856971
0.285173198155 1.17641248123
0.286534631057 1.18156509025
0.28785727283 1.18655187343
0.289142361837 1.19137813236
0.290391096853 1.19604899914
0.291604638332 1.20056944182
0.292784109629 1.20494426962
0.293930598189 1.20917813801
0.295045156694 1.21327555363
0.296128804172 1.21724087908
0.297182527076 1.22107833745
0.298207280327 1.22479201686
0.299203988315 1.22838587472
0.300173545882 1.23186374193
0.301116819263 1.23522932694
0.302034647003 1.23848621962
0.302927840838 1.2416378951
0.303797186557 1.24468771739
0.304643444829 1.24763894299
0.305467352005 1.25049472427
0.306269620898 1.25325811284
0.307050941533 1.25593206274
0.307811981877 1.25851943358
0.308553388545 1.26102299355
0.30927578748 1.26344542236
0.309979784615 1.26578931404
0.310665966514 1.26805717969
0.31133490099 1.27025145014
0.311987137704 1.27237447851
0.312623208745 1.2744285427
0.313243629196 1.27641584777
0.31384889767 1.27833852832
0.314439496843 1.28019865068
0.315015893961 1.28199821513
0.315578541334 1.28373915801
0.316127876812 1.28542335376

[0, 500]
[0.31612787681164595, 643.02780475875932]
Ms-MacBook-Pro:Desktop abhishekarora$ 
Ms-MacBook-Pro:Desktop abhishekarora$ pip3 install quandl
Collecting quandl
  Downloading Quandl-3.0.1-py2.py3-none-any.whl
Collecting ndg-httpsclient (from quandl)
  Downloading ndg_httpsclient-0.4.2.tar.gz
Requirement already satisfied: pandas>=0.14 in /usr/local/lib/python3.6/site-packages (from quandl)
Collecting more-itertools (from quandl)
  Downloading more_itertools-2.5.0-py3-none-any.whl
Collecting inflection>=0.3.1 (from quandl)
  Downloading inflection-0.3.1.tar.gz
Requirement already satisfied: numpy>=1.8 in /usr/local/lib/python3.6/site-packages (from quandl)
Collecting pyOpenSSL (from quandl)
  Downloading pyOpenSSL-16.2.0-py2.py3-none-any.whl (43kB)
    100% |████████████████████████████████| 51kB 212kB/s 
Collecting pyasn1 (from quandl)
  Downloading pyasn1-0.2.2-py2.py3-none-any.whl (51kB)
    100% |████████████████████████████████| 61kB 9.7MB/s 
Requirement already satisfied: python-dateutil in /usr/local/lib/python3.6/site-packages (from quandl)
Requirement already satisfied: six in /usr/local/lib/python3.6/site-packages (from quandl)
Collecting requests>=2.7.0 (from quandl)
  Downloading requests-2.13.0-py2.py3-none-any.whl (584kB)
    100% |████████████████████████████████| 593kB 795kB/s 
Requirement already satisfied: pytz>=2011k in /usr/local/lib/python3.6/site-packages (from pandas>=0.14->quandl)
Collecting cryptography>=1.3.4 (from pyOpenSSL->quandl)
  Downloading cryptography-1.7.2-cp36-cp36m-macosx_10_6_intel.whl (1.4MB)
    100% |████████████████████████████████| 1.4MB 599kB/s 
Collecting cffi>=1.4.1 (from cryptography>=1.3.4->pyOpenSSL->quandl)
  Downloading cffi-1.9.1-cp36-cp36m-macosx_10_6_intel.whl (224kB)
    100% |████████████████████████████████| 225kB 1.3MB/s 
Collecting idna>=2.0 (from cryptography>=1.3.4->pyOpenSSL->quandl)
  Downloading idna-2.2-py2.py3-none-any.whl (55kB)
    100% |████████████████████████████████| 61kB 2.8MB/s 
Requirement already satisfied: setuptools>=11.3 in /usr/local/lib/python3.6/site-packages (from cryptography>=1.3.4->pyOpenSSL->quandl)
Collecting pycparser (from cffi>=1.4.1->cryptography>=1.3.4->pyOpenSSL->quandl)
  Downloading pycparser-2.17.tar.gz (231kB)
    100% |████████████████████████████████| 235kB 5.6MB/s 
Building wheels for collected packages: ndg-httpsclient, inflection, pycparser
  Running setup.py bdist_wheel for ndg-httpsclient ... done
  Stored in directory: /Users/abhishekarora/Library/Caches/pip/wheels/44/6b/b1/eef816d523c0aa93f350fd2a78d74769e010e2f26623921b76
  Running setup.py bdist_wheel for inflection ... done
  Stored in directory: /Users/abhishekarora/Library/Caches/pip/wheels/41/fa/e9/2995f4ab121e9f30f342fa2d43f0b27f851a0cb9f0d98d3b45
  Running setup.py bdist_wheel for pycparser ... done
  Stored in directory: /Users/abhishekarora/Library/Caches/pip/wheels/a8/0b/41/dc95621f9d3a0da7bc191b8a71f0e8182ffd3cc5f33ac55005
Successfully built ndg-httpsclient inflection pycparser
Installing collected packages: pycparser, cffi, pyasn1, idna, cryptography, pyOpenSSL, ndg-httpsclient, more-itertools, inflection, requests, quandl
Successfully installed cffi-1.9.1 cryptography-1.7.2 idna-2.2 inflection-0.3.1 more-itertools-2.5.0 ndg-httpsclient-0.4.2 pyOpenSSL-16.2.0 pyasn1-0.2.2 pycparser-2.17 quandl-3.0.1 requests-2.13.0
Ms-MacBook-Pro:Desktop abhishekarora$ python3
Python 3.6.0 (default, Dec 24 2016, 00:01:50) 
[GCC 4.2.1 Compatible Apple LLVM 8.0.0 (clang-800.0.42.1)] on darwin
Type "help", "copyright", "credits" or "license" for more information.
>>> import quandl
>>> quandl.get('WIKI/GOOGL')
               Open      High       Low    Close      Volume  Ex-Dividend  \
Date                                                                        
2004-08-19  100.010  104.0600   95.9600  100.335  44659000.0          0.0   
2004-08-20  101.010  109.0800  100.5000  108.310  22834300.0          0.0   
2004-08-23  110.760  113.4800  109.0500  109.400  18256100.0          0.0   
2004-08-24  111.240  111.6000  103.5700  104.870  15247300.0          0.0   
2004-08-25  104.760  108.0000  103.8800  106.000   9188600.0          0.0   
2004-08-26  104.950  107.9500  104.6600  107.910   7094800.0          0.0   
2004-08-27  108.100  108.6200  105.6900  106.150   6211700.0          0.0   
2004-08-30  105.280  105.4900  102.0100  102.010   5196700.0          0.0   
2004-08-31  102.320  103.7100  102.1600  102.370   4917800.0          0.0   
2004-09-01  102.700  102.9700   99.6700  100.250   9138200.0          0.0   
2004-09-02   99.090  102.3700   98.9400  101.510  15118600.0          0.0   
2004-09-03  100.950  101.7400   99.3200  100.010   5152400.0          0.0   
2004-09-07  101.010  102.0000   99.6100  101.580   5847500.0          0.0   
2004-09-08  100.740  103.0300  100.5000  102.300   4985600.0          0.0   
2004-09-09  102.500  102.7100  101.0000  102.310   4061700.0          0.0   
2004-09-10  101.470  106.5600  101.3000  105.330   8698800.0          0.0   
2004-09-13  106.630  108.4100  106.4600  107.500   7844100.0          0.0   
2004-09-14  107.440  112.0000  106.7900  111.490  10828900.0          0.0   
2004-09-15  110.560  114.2300  110.2000  112.000  10713000.0          0.0   
2004-09-16  112.340  115.8000  111.6500  113.970   9266300.0          0.0   
2004-09-17  114.420  117.4900  113.5500  117.490   9472500.0          0.0   
2004-09-20  116.950  121.6000  116.7700  119.360  10628700.0          0.0   
2004-09-21  120.200  120.4200  117.5100  117.840   7228700.0          0.0   
2004-09-22  117.450  119.6700  116.8100  118.380   7581200.0          0.0   
2004-09-23  118.840  122.6300  117.0200  120.820   8535600.0          0.0   
2004-09-24  120.970  124.1000  119.7600  119.830   9123400.0          0.0   
2004-09-27  119.560  120.8800  117.8000  118.260   7066100.0          0.0   
2004-09-28  121.150  127.4000  120.2100  126.860  16929000.0          0.0   
2004-09-29  126.530  135.0200  126.2300  131.080  30516400.0          0.0   
2004-09-30  129.899  132.3000  129.0000  129.600  13758000.0          0.0   
...             ...       ...       ...      ...         ...          ...   
2016-12-22  809.100  811.0700  806.0300  809.680   1123874.0          0.0   
2016-12-23  808.010  810.9696  805.1100  807.800    762046.0          0.0   
2016-12-27  808.680  816.0000  805.8000  809.780    970843.0          0.0   
2016-12-28  813.330  813.3300  802.4400  804.570   1189409.0          0.0   
2016-12-29  802.330  805.7500  798.1440  802.880   1049884.0          0.0   
2016-12-30  803.210  803.2850  789.6200  792.450   1707599.0          0.0   
2017-01-03  800.620  811.4350  796.8900  807.570   1948199.0          0.0   
2017-01-04  809.890  813.4300  804.1100  807.770   1495919.0          0.0   
2017-01-05  807.500  813.7400  805.9200  813.020   1318301.0          0.0   
2017-01-06  814.990  828.9600  811.5000  825.210   1983025.0          0.0   
2017-01-09  826.370  830.4300  821.6200  827.180   1405091.0          0.0   
2017-01-10  827.070  829.4100  823.1400  826.010   1141799.0          0.0   
2017-01-11  826.620  829.9000  821.4700  829.860   1261666.0          0.0   
2017-01-12  828.380  830.3800  821.0100  829.530   1348274.0          0.0   
2017-01-13  831.000  834.6500  829.5200  830.940   1255255.0          0.0   
2017-01-17  830.000  830.1800  823.2001  827.200   1242810.0          0.0   
2017-01-18  829.800  829.8100  824.0800  829.020    989477.0          0.0   
2017-01-19  829.000  832.9999  823.9600  824.370   1065121.0          0.0   
2017-01-20  829.090  829.2400  824.6000  828.170   1259321.0          0.0   
2017-01-23  831.610  845.5428  828.7000  844.430   2445107.0          0.0   
2017-01-24  846.980  851.5200  842.2800  849.530   1668234.0          0.0   
2017-01-25  853.550  858.7936  849.7400  858.450   1638853.0          0.0   
2017-01-26  859.050  861.0000  850.5201  856.980   2631416.0          0.0   
2017-01-27  859.000  867.0000  841.9000  845.030   3743255.0          0.0   
2017-01-30  837.060  837.2300  821.0300  823.830   3454689.0          0.0   
2017-01-31  819.500  823.0700  813.4000  820.190   2015380.0          0.0   
2017-02-01  824.000  824.0000  812.2500  815.240   2216244.0          0.0   
2017-02-02  815.000  824.5600  812.0510  818.260   1625008.0          0.0   
2017-02-03  823.130  826.1300  819.3500  820.130   1458606.0          0.0   
2017-02-06  820.920  822.3900  814.2900  821.620   1328832.0          0.0   

            Split Ratio   Adj. Open   Adj. High    Adj. Low  Adj. Close  \
Date                                                                      
2004-08-19          1.0   50.159839   52.191109   48.128568   50.322842   
2004-08-20          1.0   50.661387   54.708881   50.405597   54.322689   
2004-08-23          1.0   55.551482   56.915693   54.693835   54.869377   
2004-08-24          1.0   55.792225   55.972783   51.945350   52.597363   
2004-08-25          1.0   52.542193   54.167209   52.100830   53.164113   
2004-08-26          1.0   52.637487   54.142132   52.492038   54.122070   
2004-08-27          1.0   54.217364   54.478169   53.008633   53.239345   
2004-08-30          1.0   52.802998   52.908323   51.162935   51.162935   
2004-08-31          1.0   51.318415   52.015567   51.238167   51.343492   
2004-09-01          1.0   51.509003   51.644421   49.989312   50.280210   
2004-09-02          1.0   49.698414   51.343492   49.623182   50.912161   
2004-09-03          1.0   50.631294   51.027517   49.813770   50.159839   
2004-09-07          1.0   50.661387   51.157920   49.959219   50.947269   
2004-09-08          1.0   50.525969   51.674514   50.405597   51.308384   
2004-09-09          1.0   51.408694   51.514019   50.656371   51.313400   
2004-09-10          1.0   50.892099   53.444980   50.806836   52.828075   
2004-09-13          1.0   53.480088   54.372844   53.394825   53.916435   
2004-09-14          1.0   53.886342   56.173402   53.560336   55.917612   
2004-09-15          1.0   55.451172   57.291854   55.270615   56.173402   
2004-09-16          1.0   56.343928   58.079285   55.997860   57.161452   
2004-09-17          1.0   57.387149   58.926902   56.950802   58.926902   
2004-09-20          1.0   58.656066   60.988265   58.565787   59.864797   
2004-09-21          1.0   60.286097   60.396438   58.936933   59.102444   
2004-09-22          1.0   58.906840   60.020277   58.585849   59.373280   
2004-09-23          1.0   59.603992   61.504860   58.691174   60.597057   
2004-09-24          1.0   60.672290   62.242136   60.065416   60.100525   
2004-09-27          1.0   59.965107   60.627150   59.082382   59.313094   
2004-09-28          1.0   60.762568   63.897245   60.291113   63.626409   
2004-09-29          1.0   63.460898   67.719042   63.310433   65.742942   
2004-09-30          1.0   65.150614   66.354831   64.699722   65.000651   
...                 ...         ...         ...         ...         ...   
2016-12-22          1.0  809.100000  811.070000  806.030000  809.680000   
2016-12-23          1.0  808.010000  810.969600  805.110000  807.800000   
2016-12-27          1.0  808.680000  816.000000  805.800000  809.780000   
2016-12-28          1.0  813.330000  813.330000  802.440000  804.570000   
2016-12-29          1.0  802.330000  805.750000  798.144000  802.880000   
2016-12-30          1.0  803.210000  803.285000  789.620000  792.450000   
2017-01-03          1.0  800.620000  811.435000  796.890000  807.570000   
2017-01-04          1.0  809.890000  813.430000  804.110000  807.770000   
2017-01-05          1.0  807.500000  813.740000  805.920000  813.020000   
2017-01-06          1.0  814.990000  828.960000  811.500000  825.210000   
2017-01-09          1.0  826.370000  830.430000  821.620000  827.180000   
2017-01-10          1.0  827.070000  829.410000  823.140000  826.010000   
2017-01-11          1.0  826.620000  829.900000  821.470000  829.860000   
2017-01-12          1.0  828.380000  830.380000  821.010000  829.530000   
2017-01-13          1.0  831.000000  834.650000  829.520000  830.940000   
2017-01-17          1.0  830.000000  830.180000  823.200100  827.200000   
2017-01-18          1.0  829.800000  829.810000  824.080000  829.020000   
2017-01-19          1.0  829.000000  832.999900  823.960000  824.370000   
2017-01-20          1.0  829.090000  829.240000  824.600000  828.170000   
2017-01-23          1.0  831.610000  845.542800  828.700000  844.430000   
2017-01-24          1.0  846.980000  851.520000  842.280000  849.530000   
2017-01-25          1.0  853.550000  858.793600  849.740000  858.450000   
2017-01-26          1.0  859.050000  861.000000  850.520100  856.980000   
2017-01-27          1.0  859.000000  867.000000  841.900000  845.030000   
2017-01-30          1.0  837.060000  837.230000  821.030000  823.830000   
2017-01-31          1.0  819.500000  823.070000  813.400000  820.190000   
2017-02-01          1.0  824.000000  824.000000  812.250000  815.240000   
2017-02-02          1.0  815.000000  824.560000  812.051000  818.260000   
2017-02-03          1.0  823.130000  826.130000  819.350000  820.130000   
2017-02-06          1.0  820.920000  822.390000  814.290000  821.620000   

            Adj. Volume  
Date                     
2004-08-19   44659000.0  
2004-08-20   22834300.0  
2004-08-23   18256100.0  
2004-08-24   15247300.0  
2004-08-25    9188600.0  
2004-08-26    7094800.0  
2004-08-27    6211700.0  
2004-08-30    5196700.0  
2004-08-31    4917800.0  
2004-09-01    9138200.0  
2004-09-02   15118600.0  
2004-09-03    5152400.0  
2004-09-07    5847500.0  
2004-09-08    4985600.0  
2004-09-09    4061700.0  
2004-09-10    8698800.0  
2004-09-13    7844100.0  
2004-09-14   10828900.0  
2004-09-15   10713000.0  
2004-09-16    9266300.0  
2004-09-17    9472500.0  
2004-09-20   10628700.0  
2004-09-21    7228700.0  
2004-09-22    7581200.0  
2004-09-23    8535600.0  
2004-09-24    9123400.0  
2004-09-27    7066100.0  
2004-09-28   16929000.0  
2004-09-29   30516400.0  
2004-09-30   13758000.0  
...                 ...  
2016-12-22    1123874.0  
2016-12-23     762046.0  
2016-12-27     970843.0  
2016-12-28    1189409.0  
2016-12-29    1049884.0  
2016-12-30    1707599.0  
2017-01-03    1948199.0  
2017-01-04    1495919.0  
2017-01-05    1318301.0  
2017-01-06    1983025.0  
2017-01-09    1405091.0  
2017-01-10    1141799.0  
2017-01-11    1261666.0  
2017-01-12    1348274.0  
2017-01-13    1255255.0  
2017-01-17    1242810.0  
2017-01-18     989477.0  
2017-01-19    1065121.0  
2017-01-20    1259321.0  
2017-01-23    2445107.0  
2017-01-24    1668234.0  
2017-01-25    1638853.0  
2017-01-26    2631416.0  
2017-01-27    3743255.0  
2017-01-30    3454689.0  
2017-01-31    2015380.0  
2017-02-01    2216244.0  
2017-02-02    1625008.0  
2017-02-03    1458606.0  
2017-02-06    1328832.0  

[3139 rows x 12 columns]
>>> d= quandl.get('WIKI/GOOGL')
>>> type(d)
<class 'pandas.core.frame.DataFrame'>
>>> len(d)
3139
>>> d.head(4)
              Open    High     Low    Close      Volume  Ex-Dividend  \
Date                                                                   
2004-08-19  100.01  104.06   95.96  100.335  44659000.0          0.0   
2004-08-20  101.01  109.08  100.50  108.310  22834300.0          0.0   
2004-08-23  110.76  113.48  109.05  109.400  18256100.0          0.0   
2004-08-24  111.24  111.60  103.57  104.870  15247300.0          0.0   

            Split Ratio  Adj. Open  Adj. High   Adj. Low  Adj. Close  \
Date                                                                   
2004-08-19          1.0  50.159839  52.191109  48.128568   50.322842   
2004-08-20          1.0  50.661387  54.708881  50.405597   54.322689   
2004-08-23          1.0  55.551482  56.915693  54.693835   54.869377   
2004-08-24          1.0  55.792225  55.972783  51.945350   52.597363   

            Adj. Volume  
Date                     
2004-08-19   44659000.0  
2004-08-20   22834300.0  
2004-08-23   18256100.0  
2004-08-24   15247300.0  
>>> b = d[['Open' , 'High']]
>>> b.head()
              Open    High
Date                      
2004-08-19  100.01  104.06
2004-08-20  101.01  109.08
2004-08-23  110.76  113.48
2004-08-24  111.24  111.60
2004-08-25  104.76  108.00
>>> d.fillna(-10000)
               Open      High       Low    Close      Volume  Ex-Dividend  \
Date                                                                        
2004-08-19  100.010  104.0600   95.9600  100.335  44659000.0          0.0   
2004-08-20  101.010  109.0800  100.5000  108.310  22834300.0          0.0   
2004-08-23  110.760  113.4800  109.0500  109.400  18256100.0          0.0   
2004-08-24  111.240  111.6000  103.5700  104.870  15247300.0          0.0   
2004-08-25  104.760  108.0000  103.8800  106.000   9188600.0          0.0   
2004-08-26  104.950  107.9500  104.6600  107.910   7094800.0          0.0   
2004-08-27  108.100  108.6200  105.6900  106.150   6211700.0          0.0   
2004-08-30  105.280  105.4900  102.0100  102.010   5196700.0          0.0   
2004-08-31  102.320  103.7100  102.1600  102.370   4917800.0          0.0   
2004-09-01  102.700  102.9700   99.6700  100.250   9138200.0          0.0   
2004-09-02   99.090  102.3700   98.9400  101.510  15118600.0          0.0   
2004-09-03  100.950  101.7400   99.3200  100.010   5152400.0          0.0   
2004-09-07  101.010  102.0000   99.6100  101.580   5847500.0          0.0   
2004-09-08  100.740  103.0300  100.5000  102.300   4985600.0          0.0   
2004-09-09  102.500  102.7100  101.0000  102.310   4061700.0          0.0   
2004-09-10  101.470  106.5600  101.3000  105.330   8698800.0          0.0   
2004-09-13  106.630  108.4100  106.4600  107.500   7844100.0          0.0   
2004-09-14  107.440  112.0000  106.7900  111.490  10828900.0          0.0   
2004-09-15  110.560  114.2300  110.2000  112.000  10713000.0          0.0   
2004-09-16  112.340  115.8000  111.6500  113.970   9266300.0          0.0   
2004-09-17  114.420  117.4900  113.5500  117.490   9472500.0          0.0   
2004-09-20  116.950  121.6000  116.7700  119.360  10628700.0          0.0   
2004-09-21  120.200  120.4200  117.5100  117.840   7228700.0          0.0   
2004-09-22  117.450  119.6700  116.8100  118.380   7581200.0          0.0   
2004-09-23  118.840  122.6300  117.0200  120.820   8535600.0          0.0   
2004-09-24  120.970  124.1000  119.7600  119.830   9123400.0          0.0   
2004-09-27  119.560  120.8800  117.8000  118.260   7066100.0          0.0   
2004-09-28  121.150  127.4000  120.2100  126.860  16929000.0          0.0   
2004-09-29  126.530  135.0200  126.2300  131.080  30516400.0          0.0   
2004-09-30  129.899  132.3000  129.0000  129.600  13758000.0          0.0   
...             ...       ...       ...      ...         ...          ...   
2016-12-22  809.100  811.0700  806.0300  809.680   1123874.0          0.0   
2016-12-23  808.010  810.9696  805.1100  807.800    762046.0          0.0   
2016-12-27  808.680  816.0000  805.8000  809.780    970843.0          0.0   
2016-12-28  813.330  813.3300  802.4400  804.570   1189409.0          0.0   
2016-12-29  802.330  805.7500  798.1440  802.880   1049884.0          0.0   
2016-12-30  803.210  803.2850  789.6200  792.450   1707599.0          0.0   
2017-01-03  800.620  811.4350  796.8900  807.570   1948199.0          0.0   
2017-01-04  809.890  813.4300  804.1100  807.770   1495919.0          0.0   
2017-01-05  807.500  813.7400  805.9200  813.020   1318301.0          0.0   
2017-01-06  814.990  828.9600  811.5000  825.210   1983025.0          0.0   
2017-01-09  826.370  830.4300  821.6200  827.180   1405091.0          0.0   
2017-01-10  827.070  829.4100  823.1400  826.010   1141799.0          0.0   
2017-01-11  826.620  829.9000  821.4700  829.860   1261666.0          0.0   
2017-01-12  828.380  830.3800  821.0100  829.530   1348274.0          0.0   
2017-01-13  831.000  834.6500  829.5200  830.940   1255255.0          0.0   
2017-01-17  830.000  830.1800  823.2001  827.200   1242810.0          0.0   
2017-01-18  829.800  829.8100  824.0800  829.020    989477.0          0.0   
2017-01-19  829.000  832.9999  823.9600  824.370   1065121.0          0.0   
2017-01-20  829.090  829.2400  824.6000  828.170   1259321.0          0.0   
2017-01-23  831.610  845.5428  828.7000  844.430   2445107.0          0.0   
2017-01-24  846.980  851.5200  842.2800  849.530   1668234.0          0.0   
2017-01-25  853.550  858.7936  849.7400  858.450   1638853.0          0.0   
2017-01-26  859.050  861.0000  850.5201  856.980   2631416.0          0.0   
2017-01-27  859.000  867.0000  841.9000  845.030   3743255.0          0.0   
2017-01-30  837.060  837.2300  821.0300  823.830   3454689.0          0.0   
2017-01-31  819.500  823.0700  813.4000  820.190   2015380.0          0.0   
2017-02-01  824.000  824.0000  812.2500  815.240   2216244.0          0.0   
2017-02-02  815.000  824.5600  812.0510  818.260   1625008.0          0.0   
2017-02-03  823.130  826.1300  819.3500  820.130   1458606.0          0.0   
2017-02-06  820.920  822.3900  814.2900  821.620   1328832.0          0.0   

            Split Ratio   Adj. Open   Adj. High    Adj. Low  Adj. Close  \
Date                                                                      
2004-08-19          1.0   50.159839   52.191109   48.128568   50.322842   
2004-08-20          1.0   50.661387   54.708881   50.405597   54.322689   
2004-08-23          1.0   55.551482   56.915693   54.693835   54.869377   
2004-08-24          1.0   55.792225   55.972783   51.945350   52.597363   
2004-08-25          1.0   52.542193   54.167209   52.100830   53.164113   
2004-08-26          1.0   52.637487   54.142132   52.492038   54.122070   
2004-08-27          1.0   54.217364   54.478169   53.008633   53.239345   
2004-08-30          1.0   52.802998   52.908323   51.162935   51.162935   
2004-08-31          1.0   51.318415   52.015567   51.238167   51.343492   
2004-09-01          1.0   51.509003   51.644421   49.989312   50.280210   
2004-09-02          1.0   49.698414   51.343492   49.623182   50.912161   
2004-09-03          1.0   50.631294   51.027517   49.813770   50.159839   
2004-09-07          1.0   50.661387   51.157920   49.959219   50.947269   
2004-09-08          1.0   50.525969   51.674514   50.405597   51.308384   
2004-09-09          1.0   51.408694   51.514019   50.656371   51.313400   
2004-09-10          1.0   50.892099   53.444980   50.806836   52.828075   
2004-09-13          1.0   53.480088   54.372844   53.394825   53.916435   
2004-09-14          1.0   53.886342   56.173402   53.560336   55.917612   
2004-09-15          1.0   55.451172   57.291854   55.270615   56.173402   
2004-09-16          1.0   56.343928   58.079285   55.997860   57.161452   
2004-09-17          1.0   57.387149   58.926902   56.950802   58.926902   
2004-09-20          1.0   58.656066   60.988265   58.565787   59.864797   
2004-09-21          1.0   60.286097   60.396438   58.936933   59.102444   
2004-09-22          1.0   58.906840   60.020277   58.585849   59.373280   
2004-09-23          1.0   59.603992   61.504860   58.691174   60.597057   
2004-09-24          1.0   60.672290   62.242136   60.065416   60.100525   
2004-09-27          1.0   59.965107   60.627150   59.082382   59.313094   
2004-09-28          1.0   60.762568   63.897245   60.291113   63.626409   
2004-09-29          1.0   63.460898   67.719042   63.310433   65.742942   
2004-09-30          1.0   65.150614   66.354831   64.699722   65.000651   
...                 ...         ...         ...         ...         ...   
2016-12-22          1.0  809.100000  811.070000  806.030000  809.680000   
2016-12-23          1.0  808.010000  810.969600  805.110000  807.800000   
2016-12-27          1.0  808.680000  816.000000  805.800000  809.780000   
2016-12-28          1.0  813.330000  813.330000  802.440000  804.570000   
2016-12-29          1.0  802.330000  805.750000  798.144000  802.880000   
2016-12-30          1.0  803.210000  803.285000  789.620000  792.450000   
2017-01-03          1.0  800.620000  811.435000  796.890000  807.570000   
2017-01-04          1.0  809.890000  813.430000  804.110000  807.770000   
2017-01-05          1.0  807.500000  813.740000  805.920000  813.020000   
2017-01-06          1.0  814.990000  828.960000  811.500000  825.210000   
2017-01-09          1.0  826.370000  830.430000  821.620000  827.180000   
2017-01-10          1.0  827.070000  829.410000  823.140000  826.010000   
2017-01-11          1.0  826.620000  829.900000  821.470000  829.860000   
2017-01-12          1.0  828.380000  830.380000  821.010000  829.530000   
2017-01-13          1.0  831.000000  834.650000  829.520000  830.940000   
2017-01-17          1.0  830.000000  830.180000  823.200100  827.200000   
2017-01-18          1.0  829.800000  829.810000  824.080000  829.020000   
2017-01-19          1.0  829.000000  832.999900  823.960000  824.370000   
2017-01-20          1.0  829.090000  829.240000  824.600000  828.170000   
2017-01-23          1.0  831.610000  845.542800  828.700000  844.430000   
2017-01-24          1.0  846.980000  851.520000  842.280000  849.530000   
2017-01-25          1.0  853.550000  858.793600  849.740000  858.450000   
2017-01-26          1.0  859.050000  861.000000  850.520100  856.980000   
2017-01-27          1.0  859.000000  867.000000  841.900000  845.030000   
2017-01-30          1.0  837.060000  837.230000  821.030000  823.830000   
2017-01-31          1.0  819.500000  823.070000  813.400000  820.190000   
2017-02-01          1.0  824.000000  824.000000  812.250000  815.240000   
2017-02-02          1.0  815.000000  824.560000  812.051000  818.260000   
2017-02-03          1.0  823.130000  826.130000  819.350000  820.130000   
2017-02-06          1.0  820.920000  822.390000  814.290000  821.620000   

            Adj. Volume  
Date                     
2004-08-19   44659000.0  
2004-08-20   22834300.0  
2004-08-23   18256100.0  
2004-08-24   15247300.0  
2004-08-25    9188600.0  
2004-08-26    7094800.0  
2004-08-27    6211700.0  
2004-08-30    5196700.0  
2004-08-31    4917800.0  
2004-09-01    9138200.0  
2004-09-02   15118600.0  
2004-09-03    5152400.0  
2004-09-07    5847500.0  
2004-09-08    4985600.0  
2004-09-09    4061700.0  
2004-09-10    8698800.0  
2004-09-13    7844100.0  
2004-09-14   10828900.0  
2004-09-15   10713000.0  
2004-09-16    9266300.0  
2004-09-17    9472500.0  
2004-09-20   10628700.0  
2004-09-21    7228700.0  
2004-09-22    7581200.0  
2004-09-23    8535600.0  
2004-09-24    9123400.0  
2004-09-27    7066100.0  
2004-09-28   16929000.0  
2004-09-29   30516400.0  
2004-09-30   13758000.0  
...                 ...  
2016-12-22    1123874.0  
2016-12-23     762046.0  
2016-12-27     970843.0  
2016-12-28    1189409.0  
2016-12-29    1049884.0  
2016-12-30    1707599.0  
2017-01-03    1948199.0  
2017-01-04    1495919.0  
2017-01-05    1318301.0  
2017-01-06    1983025.0  
2017-01-09    1405091.0  
2017-01-10    1141799.0  
2017-01-11    1261666.0  
2017-01-12    1348274.0  
2017-01-13    1255255.0  
2017-01-17    1242810.0  
2017-01-18     989477.0  
2017-01-19    1065121.0  
2017-01-20    1259321.0  
2017-01-23    2445107.0  
2017-01-24    1668234.0  
2017-01-25    1638853.0  
2017-01-26    2631416.0  
2017-01-27    3743255.0  
2017-01-30    3454689.0  
2017-01-31    2015380.0  
2017-02-01    2216244.0  
2017-02-02    1625008.0  
2017-02-03    1458606.0  
2017-02-06    1328832.0  

[3139 rows x 12 columns]
>>> d.fillna(-10000,inplace=true)
Traceback (most recent call last):
  File "<stdin>", line 1, in <module>
NameError: name 'true' is not defined
>>> d.fillna(-10000,inplace=True)
>>> d["Open"].fillna()
Traceback (most recent call last):
  File "<stdin>", line 1, in <module>
  File "/usr/local/lib/python3.6/site-packages/pandas/core/series.py", line 2370, in fillna
    **kwargs)
  File "/usr/local/lib/python3.6/site-packages/pandas/core/generic.py", line 3218, in fillna
    raise ValueError('must specify a fill method or value')
ValueError: must specify a fill method or value
>>> import numpy as np
>>> a= np.array(d["Open"])
>>> a.mean()
561.39338499522137
>>> m=a.mean()
>>> d["Open"].fillna()
Traceback (most recent call last):
  File "<stdin>", line 1, in <module>
  File "/usr/local/lib/python3.6/site-packages/pandas/core/series.py", line 2370, in fillna
    **kwargs)
  File "/usr/local/lib/python3.6/site-packages/pandas/core/generic.py", line 3218, in fillna
    raise ValueError('must specify a fill method or value')
ValueError: must specify a fill method or value
>>> d["Open"]
Date
2004-08-19    100.010
2004-08-20    101.010
2004-08-23    110.760
2004-08-24    111.240
2004-08-25    104.760
2004-08-26    104.950
2004-08-27    108.100
2004-08-30    105.280
2004-08-31    102.320
2004-09-01    102.700
2004-09-02     99.090
2004-09-03    100.950
2004-09-07    101.010
2004-09-08    100.740
2004-09-09    102.500
2004-09-10    101.470
2004-09-13    106.630
2004-09-14    107.440
2004-09-15    110.560
2004-09-16    112.340
2004-09-17    114.420
2004-09-20    116.950
2004-09-21    120.200
2004-09-22    117.450
2004-09-23    118.840
2004-09-24    120.970
2004-09-27    119.560
2004-09-28    121.150
2004-09-29    126.530
2004-09-30    129.899
               ...   
2016-12-22    809.100
2016-12-23    808.010
2016-12-27    808.680
2016-12-28    813.330
2016-12-29    802.330
2016-12-30    803.210
2017-01-03    800.620
2017-01-04    809.890
2017-01-05    807.500
2017-01-06    814.990
2017-01-09    826.370
2017-01-10    827.070
2017-01-11    826.620
2017-01-12    828.380
2017-01-13    831.000
2017-01-17    830.000
2017-01-18    829.800
2017-01-19    829.000
2017-01-20    829.090
2017-01-23    831.610
2017-01-24    846.980
2017-01-25    853.550
2017-01-26    859.050
2017-01-27    859.000
2017-01-30    837.060
2017-01-31    819.500
2017-02-01    824.000
2017-02-02    815.000
2017-02-03    823.130
2017-02-06    820.920
Name: Open, dtype: float64
>>> from sklearn import datasets
>>> dataset = datasets.load_breastcancer()
Traceback (most recent call last):
  File "<stdin>", line 1, in <module>
AttributeError: module 'sklearn.datasets' has no attribute 'load_breastcancer'
>>> dataset = datasets.load_breast_cancer()
>>> dataset.head()
Traceback (most recent call last):
  File "/usr/local/lib/python3.6/site-packages/sklearn/datasets/base.py", line 59, in __getattr__
    return self[key]
KeyError: 'head'

During handling of the above exception, another exception occurred:

Traceback (most recent call last):
  File "<stdin>", line 1, in <module>
  File "/usr/local/lib/python3.6/site-packages/sklearn/datasets/base.py", line 61, in __getattr__
    raise AttributeError(key)
AttributeError: head
>>> dataset.head(5)
Traceback (most recent call last):
  File "/usr/local/lib/python3.6/site-packages/sklearn/datasets/base.py", line 59, in __getattr__
    return self[key]
KeyError: 'head'

During handling of the above exception, another exception occurred:

Traceback (most recent call last):
  File "<stdin>", line 1, in <module>
  File "/usr/local/lib/python3.6/site-packages/sklearn/datasets/base.py", line 61, in __getattr__
    raise AttributeError(key)
AttributeError: head
>>> import pandas
>>> dataset.head(5)
Traceback (most recent call last):
  File "/usr/local/lib/python3.6/site-packages/sklearn/datasets/base.py", line 59, in __getattr__
    return self[key]
KeyError: 'head'

During handling of the above exception, another exception occurred:

Traceback (most recent call last):
  File "<stdin>", line 1, in <module>
  File "/usr/local/lib/python3.6/site-packages/sklearn/datasets/base.py", line 61, in __getattr__
    raise AttributeError(key)
AttributeError: head
>>> dataset.data
array([[  1.79900000e+01,   1.03800000e+01,   1.22800000e+02, ...,
          2.65400000e-01,   4.60100000e-01,   1.18900000e-01],
       [  2.05700000e+01,   1.77700000e+01,   1.32900000e+02, ...,
          1.86000000e-01,   2.75000000e-01,   8.90200000e-02],
       [  1.96900000e+01,   2.12500000e+01,   1.30000000e+02, ...,
          2.43000000e-01,   3.61300000e-01,   8.75800000e-02],
       ..., 
       [  1.66000000e+01,   2.80800000e+01,   1.08300000e+02, ...,
          1.41800000e-01,   2.21800000e-01,   7.82000000e-02],
       [  2.06000000e+01,   2.93300000e+01,   1.40100000e+02, ...,
          2.65000000e-01,   4.08700000e-01,   1.24000000e-01],
       [  7.76000000e+00,   2.45400000e+01,   4.79200000e+01, ...,
          0.00000000e+00,   2.87100000e-01,   7.03900000e-02]])
>>> dataset.data([:4])
  File "<stdin>", line 1
    dataset.data([:4])
                  ^
SyntaxError: invalid syntax
>>> dataset.data([:4])
  File "<stdin>", line 1
    dataset.data([:4])
                  ^
SyntaxError: invalid syntax
>>> dataset.data
array([[  1.79900000e+01,   1.03800000e+01,   1.22800000e+02, ...,
          2.65400000e-01,   4.60100000e-01,   1.18900000e-01],
       [  2.05700000e+01,   1.77700000e+01,   1.32900000e+02, ...,
          1.86000000e-01,   2.75000000e-01,   8.90200000e-02],
       [  1.96900000e+01,   2.12500000e+01,   1.30000000e+02, ...,
          2.43000000e-01,   3.61300000e-01,   8.75800000e-02],
       ..., 
       [  1.66000000e+01,   2.80800000e+01,   1.08300000e+02, ...,
          1.41800000e-01,   2.21800000e-01,   7.82000000e-02],
       [  2.06000000e+01,   2.93300000e+01,   1.40100000e+02, ...,
          2.65000000e-01,   4.08700000e-01,   1.24000000e-01],
       [  7.76000000e+00,   2.45400000e+01,   4.79200000e+01, ...,
          0.00000000e+00,   2.87100000e-01,   7.03900000e-02]])
>>> exit()
Ms-MacBook-Pro:Desktop abhishekarora$ python3 ./MLtest.py 
/usr/local/lib/python3.6/site-packages/sklearn/cross_validation.py:44: DeprecationWarning: This module was deprecated in version 0.18 in favor of the model_selection module into which all the refactored classes and functions are moved. Also note that the interface of the new CV iterators are different from that of this module. This module will be removed in 0.20.
  "This module will be removed in 0.20.", DeprecationWarning)
/usr/local/lib/python3.6/site-packages/scipy/linalg/basic.py:884: RuntimeWarning: internal gelsd driver lwork query error, required iwork dimension not returned. This is likely the result of LAPACK bug 0038, fixed in LAPACK 3.2.2 (released July 21, 2010). Falling back to 'gelss' driver.
  warnings.warn(mesg, RuntimeWarning)
[1 1 1 1 0 1 1 0 1 1 0 0 1 0 1 1 0 1 0 1 0 1 1 1 1 0 1 1 1 0 1 1 0 1 0 0 0
 1 1 1 1 0 0 0 1 1 1 0 1 0 0 1 0 1 1 1 1 0 1 1 1 1 1 1 1 0 0 1 0 0 1 0 0 1
 0 1 1 1 1 1 1 1 1 0 1 0 1 1 1 1 1 1 1 0 1 0 1 1 1 1 1 1 1 0 1 1 0 1 1 1 1
 1 0 0]
[ 1.  1.  1.  1. -0.  1.  1.  0.  1.  1.  1. -0.  1. -0.  1.  1.  0.  1.
  0.  1. -0.  1.  1.  1.  1.  0.  1.  1.  1. -0.  1.  1. -0.  1. -0. -0.
 -0.  1.  1.  1.  1.  1.  1.  0.  1.  1.  1. -0.  1.  0. -0.  1.  0.  1.
  1.  1.  1.  1.  1.  1.  1.  1.  1.  1.  1.  0. -1.  1. -0. -0.  1.  1.
  0.  1.  0.  1.  1.  1.  1.  1.  1.  1.  1.  0.  1.  0.  1.  1.  2.  1.
  1.  1.  1. -0.  1.  0.  1.  1.  1.  1.  1.  1.  1.  0.  1.  1.  0.  1.
  1.  1.  1.  1.  0. -0.]
/usr/local/lib/python3.6/site-packages/sklearn/metrics/classification.py:1115: UndefinedMetricWarning: Recall and F-score are ill-defined and being set to 0.0 in labels with no true samples.
  'recall', 'true', average, warn_for)
             precision    recall  f1-score   support

       -1.0       0.00      0.00      0.00         0
        0.0       1.00      0.84      0.91        37
        1.0       0.94      0.99      0.96        77
        2.0       0.00      0.00      0.00         0

avg / total       0.96      0.94      0.95       114

0.743703827144

Linear SVM 0.559067387449
RBF SVM 0.00334855069572
Naive Bayes 0.921052631579
K Nearest Neighbors 0.973684210526
Decision Tree 0.956140350877
Ms-MacBook-Pro:Desktop abhishekarora$ 
Ms-MacBook-Pro:Desktop abhishekarora$ python3 ./MLtest.py 
/usr/local/lib/python3.6/site-packages/sklearn/cross_validation.py:44: DeprecationWarning: This module was deprecated in version 0.18 in favor of the model_selection module into which all the refactored classes and functions are moved. Also note that the interface of the new CV iterators are different from that of this module. This module will be removed in 0.20.
  "This module will be removed in 0.20.", DeprecationWarning)
/usr/local/lib/python3.6/site-packages/scipy/linalg/basic.py:884: RuntimeWarning: internal gelsd driver lwork query error, required iwork dimension not returned. This is likely the result of LAPACK bug 0038, fixed in LAPACK 3.2.2 (released July 21, 2010). Falling back to 'gelss' driver.
  warnings.warn(mesg, RuntimeWarning)
[1 1 1 0 0 1 1 0 1 0 1 0 1 0 0 1 0 0 0 0 0 1 1 0 1 1 0 1 0 1 1 1 0 0 0 1 0
 1 0 1 1 1 1 0 0 0 0 0 1 1 1 0 1 1 0 1 0 1 0 0 0 1 1 1 0 1 1 0 0 1 0 0 0 1
 0 0 1 0 1 0 1 1 0 1 1 0 1 1 0 0 1 1 0 1 0 0 1 1 0 1 1 1 0 1 1 0 1 1 1 0 0
 1 0 0]
Traceback (most recent call last):
  File "./MLtest.py", line 23, in <module>
    predicted = np(predicted)
TypeError: 'module' object is not callable
Ms-MacBook-Pro:Desktop abhishekarora$ python3 ./MLtest.py 
/usr/local/lib/python3.6/site-packages/sklearn/cross_validation.py:44: DeprecationWarning: This module was deprecated in version 0.18 in favor of the model_selection module into which all the refactored classes and functions are moved. Also note that the interface of the new CV iterators are different from that of this module. This module will be removed in 0.20.
  "This module will be removed in 0.20.", DeprecationWarning)
/usr/local/lib/python3.6/site-packages/scipy/linalg/basic.py:884: RuntimeWarning: internal gelsd driver lwork query error, required iwork dimension not returned. This is likely the result of LAPACK bug 0038, fixed in LAPACK 3.2.2 (released July 21, 2010). Falling back to 'gelss' driver.
  warnings.warn(mesg, RuntimeWarning)
[0 1 0 1 0 0 1 0 1 0 0 1 1 1 0 1 0 1 1 0 0 1 1 1 1 0 0 0 1 1 0 1 0 1 1 1 1
 1 1 0 1 1 1 1 1 0 0 0 1 1 1 0 1 1 0 0 1 0 1 0 0 0 0 0 1 1 1 0 1 1 1 1 0 0
 1 0 1 0 1 1 1 0 1 1 1 1 0 0 1 1 1 0 0 1 1 1 1 0 0 0 1 1 0 0 1 1 1 1 1 0 0
 0 1 0]
[ 0.25823179  0.81768456 -0.04694251  1.02768291  0.13202454  0.27875438
  0.92095096 -0.08413811  0.79308028  0.66704924  0.43196885  0.90216639
  1.12329102  1.0426015  -0.19962153  1.10984076 -0.12327701  0.81210812
  0.90759784  0.5361596  -0.08039962  0.75077927  0.99163913  0.8796399
  1.63005909  0.07932026 -0.15911718  0.42045009  1.31173948  0.86678128
  0.30196434  0.64819312 -0.14019564  0.84169076  1.01990532  0.96266045
  0.90088986  1.14553452  0.90786407  0.14484818  0.77332614  0.91072367
  1.46298621  0.79273993  0.83369823  0.38494033  0.24157384  0.27593704
  0.80403519  0.79724864  0.64468617  0.42844621  0.97166732  0.85845188
  0.61833851  0.10491657  0.98943313  0.03886069  0.69944682  0.12129202
  0.2850365   0.15756961  0.36884723  0.57575069  0.8882078   0.91606982
  1.2231496   0.18579294  0.95440489  0.78630492  0.77564146  1.14446039
  0.27458986  0.12824507  1.07922727 -0.53952263  0.96235879  0.57799894
  0.73074116  0.94502533  0.73469809  0.00944498  1.06182158  0.85832873
  0.78033425  1.13845176  0.01476285  0.30918655  0.78384401  0.61765728
  1.01935988  0.42523483  0.02519651  1.06277499  0.81583787  1.09411861
  0.832371    0.43405354  0.36488686  0.0134749   1.07242594  0.92405233
 -0.21707298  0.52852267  0.73956486  0.79622907  0.85585365  1.15912867
  0.99432849 -0.17954469 -0.17765158 -0.28977003  1.11821394  0.0713416 ]
Traceback (most recent call last):
  File "./MLtest.py", line 26, in <module>
    print(metrics.classification_report(Z_test, predicted))
  File "/usr/local/lib/python3.6/site-packages/sklearn/metrics/classification.py", line 1391, in classification_report
    labels = unique_labels(y_true, y_pred)
  File "/usr/local/lib/python3.6/site-packages/sklearn/utils/multiclass.py", line 84, in unique_labels
    raise ValueError("Mix type of y not allowed, got types %s" % ys_types)
ValueError: Mix type of y not allowed, got types {'continuous', 'binary'}
Ms-MacBook-Pro:Desktop abhishekarora$ python3 ./MLtest.py 
/usr/local/lib/python3.6/site-packages/sklearn/cross_validation.py:44: DeprecationWarning: This module was deprecated in version 0.18 in favor of the model_selection module into which all the refactored classes and functions are moved. Also note that the interface of the new CV iterators are different from that of this module. This module will be removed in 0.20.
  "This module will be removed in 0.20.", DeprecationWarning)
/usr/local/lib/python3.6/site-packages/scipy/linalg/basic.py:884: RuntimeWarning: internal gelsd driver lwork query error, required iwork dimension not returned. This is likely the result of LAPACK bug 0038, fixed in LAPACK 3.2.2 (released July 21, 2010). Falling back to 'gelss' driver.
  warnings.warn(mesg, RuntimeWarning)
[1 1 1 1 1 1 1 1 1 0 1 0 0 1 0 1 1 1 1 1 1 0 1 1 1 0 1 1 1 0 1 1 1 1 1 0 1
 0 0 1 1 1 0 0 1 0 0 1 1 1 1 1 0 1 0 0 1 0 1 0 1 0 1 1 0 1 0 1 1 1 1 0 0 1
 0 0 1 1 1 1 1 1 1 0 1 1 0 1 1 1 0 1 1 1 1 1 1 1 0 1 0 0 1 1 1 0 1 0 0 1 1
 1 0 0]
[ 0.90512375  0.83767695  1.11889465  0.95982501  0.81476035  0.90908526
  1.06706307  0.96030457  1.10178034 -0.08641547  1.03500211 -0.22423565
 -0.05057646  0.78551233 -0.10567021  0.87760448  0.76199206  0.80763094
  0.60720672  0.85191293  0.87490444  0.43476194  0.72299673  1.10535729
  1.54767032 -0.26685733  0.80680646  0.59346158  0.70327225  0.23829478
  0.93555515  0.8060013   0.79574278  0.63385947  0.88518845  0.02117282
  0.82752604  0.23698961  0.4346141   0.6653941   1.36461542  0.99622284
  0.47629852  0.48916144  1.13890426  0.31210956  0.05589542  1.10531978
  1.20840195  1.13312877  0.9198825   0.83689454  0.56321114  0.82976228
  0.36128472  0.23537065  1.0552229  -0.07944696  1.02690277  0.04689915
  0.94037353  0.26426483  0.88311755  0.92360125  0.29908578  0.58854414
 -0.32715877  0.97727336  0.89949116  1.14063426  0.58680696  0.37774532
  0.46512229  0.73025196  0.25704358  0.39591063  0.97200755  0.93275919
  0.80214997  1.1085209   1.18843194  1.12757228  0.91970672  0.00161816
  0.69448648  0.69230305  0.39095606  0.97075712  0.91740261  0.82542091
 -0.09886668  0.83310974  1.29496323  1.13950227  1.30280436  0.89750836
  0.90001328  0.82588129  0.03945318  0.91702715  0.2752158   0.19362953
  1.08454686  1.0059061   1.05060833  0.36263834  0.69122553  0.40046162
 -0.17922907  1.03493301  0.73050133  0.96963823  0.25276732  0.29817184]
0.744545590544
Linear SVM 0.533512197854
RBF SVM -0.00166303216769
Naive Bayes 0.929824561404
K Nearest Neighbors 0.929824561404
Decision Tree 0.859649122807
Ms-MacBook-Pro:Desktop abhishekarora$ python3 ./MLtest.py 
/usr/local/lib/python3.6/site-packages/sklearn/cross_validation.py:44: DeprecationWarning: This module was deprecated in version 0.18 in favor of the model_selection module into which all the refactored classes and functions are moved. Also note that the interface of the new CV iterators are different from that of this module. This module will be removed in 0.20.
  "This module will be removed in 0.20.", DeprecationWarning)
/usr/local/lib/python3.6/site-packages/scipy/linalg/basic.py:884: RuntimeWarning: internal gelsd driver lwork query error, required iwork dimension not returned. This is likely the result of LAPACK bug 0038, fixed in LAPACK 3.2.2 (released July 21, 2010). Falling back to 'gelss' driver.
  warnings.warn(mesg, RuntimeWarning)
[1 0 1 0 1 0 1 0 0 1 0 1 1 1 1 0 1 0 0 1 1 0 1 0 1 0 1 1 1 1 1 1 0 1 1 0 0
 0 1 1 0 0 0 0 0 0 1 1 1 1 1 1 1 0 1 1 0 1 0 1 1 1 0 1 0 1 0 0 0 0 0 0 0 1
 0 1 1 1 1 1 1 1 0 1 1 1 1 1 1 1 1 1 1 1 1 1 1 0 0 1 1 1 1 1 0 0 0 1 0 0 1
 1 1 1]
Traceback (most recent call last):
  File "./MLtest.py", line 23, in <module>
    predicted = np(predicted)
TypeError: 'module' object is not callable
Ms-MacBook-Pro:Desktop abhishekarora$ python3 ./MLtest.py 
/usr/local/lib/python3.6/site-packages/sklearn/cross_validation.py:44: DeprecationWarning: This module was deprecated in version 0.18 in favor of the model_selection module into which all the refactored classes and functions are moved. Also note that the interface of the new CV iterators are different from that of this module. This module will be removed in 0.20.
  "This module will be removed in 0.20.", DeprecationWarning)
/usr/local/lib/python3.6/site-packages/scipy/linalg/basic.py:884: RuntimeWarning: internal gelsd driver lwork query error, required iwork dimension not returned. This is likely the result of LAPACK bug 0038, fixed in LAPACK 3.2.2 (released July 21, 2010). Falling back to 'gelss' driver.
  warnings.warn(mesg, RuntimeWarning)
[1 1 1 1 0 0 0 1 1 0 1 1 1 1 1 0 0 1 1 1 1 0 1 1 1 1 1 1 1 0 1 1 1 0 1 1 0
 0 1 1 0 0 1 0 1 0 1 1 1 1 0 1 0 0 0 1 1 0 1 1 1 1 0 1 0 1 1 1 1 0 1 0 1 1
 0 0 1 1 0 0 1 1 1 0 1 0 0 1 1 1 1 0 0 0 1 1 1 1 0 1 0 1 1 1 1 0 1 1 1 0 1
 1 1 0]
[ 1.  1.  1.  1.  0. -0. -0.  1.  1.  0.  1.  1.  1.  1.  1.  0.  0.  1.
  1.  1.  1.  0.  1.  1.  1.  1.  1.  1.  1.  0.  1.  1.  1.  0.  1.  1.
  1.  0.  1.  1.  0.  0.  1.  0.  1. -0.  1.  1.  1.  1.  0.  1.  0.  0.
  0.  1.  1.  1.  1.  1.  1.  1. -0.  1.  1.  1.  1.  1.  1. -0.  1.  0.
  1.  1.  0.  0.  1.  1.  0.  0.  1.  1.  1.  0.  1. -0. -0.  1.  1.  1.
  1. -0. -0.  0.  1.  1.  1.  1.  0.  1. -0.  1.  1.  1.  1.  0.  1.  1.
  1. -0.  1.  1.  1.  1.]
             precision    recall  f1-score   support

          0       1.00      0.90      0.95        39
          1       0.95      1.00      0.97        75

avg / total       0.97      0.96      0.96       114

0.728308904376
Linear SVM 0.629758917361
RBF SVM 0.000767968487777
Naive Bayes 0.929824561404
K Nearest Neighbors 0.921052631579
Decision Tree 0.929824561404
Ms-MacBook-Pro:Desktop abhishekarora$ pwd
/Users/abhishekarora/Desktop
Ms-MacBook-Pro:Desktop abhishekarora$ cd cognizance/
Ms-MacBook-Pro:cognizance abhishekarora$ cd day2
Ms-MacBook-Pro:day2 abhishekarora$ python3 SVMVoiceClassification.py 
/usr/local/lib/python3.6/site-packages/sklearn/cross_validation.py:44: DeprecationWarning: This module was deprecated in version 0.18 in favor of the model_selection module into which all the refactored classes and functions are moved. Also note that the interface of the new CV iterators are different from that of this module. This module will be removed in 0.20.
  "This module will be removed in 0.20.", DeprecationWarning)
Traceback (most recent call last):
  File "SVMVoiceClassification.py", line 7, in <module>
    df = pd.read_csv('voice.csv')
  File "/usr/local/lib/python3.6/site-packages/pandas/io/parsers.py", line 646, in parser_f
    return _read(filepath_or_buffer, kwds)
  File "/usr/local/lib/python3.6/site-packages/pandas/io/parsers.py", line 389, in _read
    parser = TextFileReader(filepath_or_buffer, **kwds)
  File "/usr/local/lib/python3.6/site-packages/pandas/io/parsers.py", line 730, in __init__
    self._make_engine(self.engine)
  File "/usr/local/lib/python3.6/site-packages/pandas/io/parsers.py", line 923, in _make_engine
    self._engine = CParserWrapper(self.f, **self.options)
  File "/usr/local/lib/python3.6/site-packages/pandas/io/parsers.py", line 1390, in __init__
    self._reader = _parser.TextReader(src, **kwds)
  File "pandas/parser.pyx", line 373, in pandas.parser.TextReader.__cinit__ (pandas/parser.c:4184)
  File "pandas/parser.pyx", line 667, in pandas.parser.TextReader._setup_parser_source (pandas/parser.c:8449)
FileNotFoundError: File b'voice.csv' does not exist
Ms-MacBook-Pro:day2 abhishekarora$ python3 SVMVoiceClassification.py 
/usr/local/lib/python3.6/site-packages/sklearn/cross_validation.py:44: DeprecationWarning: This module was deprecated in version 0.18 in favor of the model_selection module into which all the refactored classes and functions are moved. Also note that the interface of the new CV iterators are different from that of this module. This module will be removed in 0.20.
  "This module will be removed in 0.20.", DeprecationWarning)
   meanfreq        sd    median       Q25       Q75       IQR       skew  \
0  0.059781  0.064241  0.032027  0.015071  0.090193  0.075122  12.863462   
1  0.066009  0.067310  0.040229  0.019414  0.092666  0.073252  22.423285   
2  0.077316  0.083829  0.036718  0.008701  0.131908  0.123207  30.757155   
3  0.151228  0.072111  0.158011  0.096582  0.207955  0.111374   1.232831   
4  0.135120  0.079146  0.124656  0.078720  0.206045  0.127325   1.101174   

          kurt    sp.ent       sfm  ...    centroid   meanfun    minfun  \
0   274.402906  0.893369  0.491918  ...    0.059781  0.084279  0.015702   
1   634.613855  0.892193  0.513724  ...    0.066009  0.107937  0.015826   
2  1024.927705  0.846389  0.478905  ...    0.077316  0.098706  0.015656   
3     4.177296  0.963322  0.727232  ...    0.151228  0.088965  0.017798   
4     4.333713  0.971955  0.783568  ...    0.135120  0.106398  0.016931   

     maxfun   meandom    mindom    maxdom   dfrange   modindx  label  
0  0.275862  0.007812  0.007812  0.007812  0.000000  0.000000   male  
1  0.250000  0.009014  0.007812  0.054688  0.046875  0.052632   male  
2  0.271186  0.007990  0.007812  0.015625  0.007812  0.046512   male  
3  0.250000  0.201497  0.007812  0.562500  0.554688  0.247119   male  
4  0.266667  0.712812  0.007812  5.484375  5.476562  0.208274   male  

[5 rows x 21 columns]
0.913249211356
/usr/local/lib/python3.6/site-packages/scipy/linalg/basic.py:884: RuntimeWarning: internal gelsd driver lwork query error, required iwork dimension not returned. This is likely the result of LAPACK bug 0038, fixed in LAPACK 3.2.2 (released July 21, 2010). Falling back to 'gelss' driver.
  warnings.warn(mesg, RuntimeWarning)
0.801149977953
Ms-MacBook-Pro:day2 abhishekarora$ python3 SVMVoiceClassification.py 
/usr/local/lib/python3.6/site-packages/sklearn/cross_validation.py:44: DeprecationWarning: This module was deprecated in version 0.18 in favor of the model_selection module into which all the refactored classes and functions are moved. Also note that the interface of the new CV iterators are different from that of this module. This module will be removed in 0.20.
  "This module will be removed in 0.20.", DeprecationWarning)
   meanfreq        sd    median       Q25       Q75       IQR       skew  \
0  0.059781  0.064241  0.032027  0.015071  0.090193  0.075122  12.863462   
1  0.066009  0.067310  0.040229  0.019414  0.092666  0.073252  22.423285   
2  0.077316  0.083829  0.036718  0.008701  0.131908  0.123207  30.757155   
3  0.151228  0.072111  0.158011  0.096582  0.207955  0.111374   1.232831   
4  0.135120  0.079146  0.124656  0.078720  0.206045  0.127325   1.101174   

          kurt    sp.ent       sfm  ...    centroid   meanfun    minfun  \
0   274.402906  0.893369  0.491918  ...    0.059781  0.084279  0.015702   
1   634.613855  0.892193  0.513724  ...    0.066009  0.107937  0.015826   
2  1024.927705  0.846389  0.478905  ...    0.077316  0.098706  0.015656   
3     4.177296  0.963322  0.727232  ...    0.151228  0.088965  0.017798   
4     4.333713  0.971955  0.783568  ...    0.135120  0.106398  0.016931   

     maxfun   meandom    mindom    maxdom   dfrange   modindx  label  
0  0.275862  0.007812  0.007812  0.007812  0.000000  0.000000   male  
1  0.250000  0.009014  0.007812  0.054688  0.046875  0.052632   male  
2  0.271186  0.007990  0.007812  0.015625  0.007812  0.046512   male  
3  0.250000  0.201497  0.007812  0.562500  0.554688  0.247119   male  
4  0.266667  0.712812  0.007812  5.484375  5.476562  0.208274   male  

[5 rows x 21 columns]
0.943217665615
/usr/local/lib/python3.6/site-packages/scipy/linalg/basic.py:884: RuntimeWarning: internal gelsd driver lwork query error, required iwork dimension not returned. This is likely the result of LAPACK bug 0038, fixed in LAPACK 3.2.2 (released July 21, 2010). Falling back to 'gelss' driver.
  warnings.warn(mesg, RuntimeWarning)
0.813340976284
Ms-MacBook-Pro:day2 abhishekarora$ cd ~
Ms-MacBook-Pro:~ abhishekarora$ cd Desktop/
Ms-MacBook-Pro:Desktop abhishekarora$ cd cognizance/
Ms-MacBook-Pro:cognizance abhishekarora$ cd day3
-bash: cd: day3: No such file or directory
Ms-MacBook-Pro:cognizance abhishekarora$ cd day
day1/ day2/ 
Ms-MacBook-Pro:cognizance abhishekarora$ cd day
day1/ day2/ 
Ms-MacBook-Pro:cognizance abhishekarora$ cd datasets/
Ms-MacBook-Pro:datasets abhishekarora$ cd Archive
Ms-MacBook-Pro:Archive abhishekarora$ ls
autos.csv		kc_house_data.csv
glass.csv		mushrooms.csv
Ms-MacBook-Pro:Archive abhishekarora$ from sklearn import datasets
from: can't read /var/mail/sklearn
Ms-MacBook-Pro:Archive abhishekarora$ iris =datasets.load_iris()
-bash: syntax error near unexpected token `('
Ms-MacBook-Pro:Archive abhishekarora$ import pandas as pd
-bash: import: command not found
Ms-MacBook-Pro:Archive abhishekarora$ pyhton3
-bash: pyhton3: command not found
Ms-MacBook-Pro:Archive abhishekarora$ python3
Python 3.6.0 (default, Dec 24 2016, 00:01:50) 
[GCC 4.2.1 Compatible Apple LLVM 8.0.0 (clang-800.0.42.1)] on darwin
Type "help", "copyright", "credits" or "license" for more information.
>>> import pandas as pd
>>> from sklearn import datasets
>>> iris=datasets.load_iris()
>>> p=pd.DataFrame(iris.data,columns=iris.feature_names)
>>> p.head()
   sepal length (cm)  sepal width (cm)  petal length (cm)  petal width (cm)
0                5.1               3.5                1.4               0.2
1                4.9               3.0                1.4               0.2
2                4.7               3.2                1.3               0.2
3                4.6               3.1                1.5               0.2
4                5.0               3.6                1.4               0.2
>>> p.info()
<class 'pandas.core.frame.DataFrame'>
RangeIndex: 150 entries, 0 to 149
Data columns (total 4 columns):
sepal length (cm)    150 non-null float64
sepal width (cm)     150 non-null float64
petal length (cm)    150 non-null float64
petal width (cm)     150 non-null float64
dtypes: float64(4)
memory usage: 4.8 KB
>>> p["sepal length(cm)"][0] = None
Traceback (most recent call last):
  File "/usr/local/lib/python3.6/site-packages/pandas/indexes/base.py", line 2134, in get_loc
    return self._engine.get_loc(key)
  File "pandas/index.pyx", line 132, in pandas.index.IndexEngine.get_loc (pandas/index.c:4433)
  File "pandas/index.pyx", line 154, in pandas.index.IndexEngine.get_loc (pandas/index.c:4279)
  File "pandas/src/hashtable_class_helper.pxi", line 732, in pandas.hashtable.PyObjectHashTable.get_item (pandas/hashtable.c:13742)
  File "pandas/src/hashtable_class_helper.pxi", line 740, in pandas.hashtable.PyObjectHashTable.get_item (pandas/hashtable.c:13696)
KeyError: 'sepal length(cm)'

During handling of the above exception, another exception occurred:

Traceback (most recent call last):
  File "<stdin>", line 1, in <module>
  File "/usr/local/lib/python3.6/site-packages/pandas/core/frame.py", line 2059, in __getitem__
    return self._getitem_column(key)
  File "/usr/local/lib/python3.6/site-packages/pandas/core/frame.py", line 2066, in _getitem_column
    return self._get_item_cache(key)
  File "/usr/local/lib/python3.6/site-packages/pandas/core/generic.py", line 1386, in _get_item_cache
    values = self._data.get(item)
  File "/usr/local/lib/python3.6/site-packages/pandas/core/internals.py", line 3543, in get
    loc = self.items.get_loc(item)
  File "/usr/local/lib/python3.6/site-packages/pandas/indexes/base.py", line 2136, in get_loc
    return self._engine.get_loc(self._maybe_cast_indexer(key))
  File "pandas/index.pyx", line 132, in pandas.index.IndexEngine.get_loc (pandas/index.c:4433)
  File "pandas/index.pyx", line 154, in pandas.index.IndexEngine.get_loc (pandas/index.c:4279)
  File "pandas/src/hashtable_class_helper.pxi", line 732, in pandas.hashtable.PyObjectHashTable.get_item (pandas/hashtable.c:13742)
  File "pandas/src/hashtable_class_helper.pxi", line 740, in pandas.hashtable.PyObjectHashTable.get_item (pandas/hashtable.c:13696)
KeyError: 'sepal length(cm)'
>>> p["sepal length (cm)"][0] = None
>>> p["sepal length (cm)"][0] = abc
Traceback (most recent call last):
  File "<stdin>", line 1, in <module>
NameError: name 'abc' is not defined
>>> p["sepal length (cm)"][0] = "abc"
>>> p.info()
<class 'pandas.core.frame.DataFrame'>
RangeIndex: 150 entries, 0 to 149
Data columns (total 4 columns):
sepal length (cm)    150 non-null object
sepal width (cm)     150 non-null float64
petal length (cm)    150 non-null float64
petal width (cm)     150 non-null float64
dtypes: float64(3), object(1)
memory usage: 4.8+ KB
>>> p.describe()
       sepal width (cm)  petal length (cm)  petal width (cm)
count        150.000000         150.000000        150.000000
mean           3.054000           3.758667          1.198667
std            0.433594           1.764420          0.763161
min            2.000000           1.000000          0.100000
25%            2.800000           1.600000          0.300000
50%            3.000000           4.350000          1.300000
75%            3.300000           5.100000          1.800000
max            4.400000           6.900000          2.500000
>>> p.tail()
    sepal length (cm)  sepal width (cm)  petal length (cm)  petal width (cm)
145               6.7               3.0                5.2               2.3
146               6.3               2.5                5.0               1.9
147               6.5               3.0                5.2               2.0
148               6.2               3.4                5.4               2.3
149               5.9               3.0                5.1               1.8
>>> p[""]
Traceback (most recent call last):
  File "/usr/local/lib/python3.6/site-packages/pandas/indexes/base.py", line 2134, in get_loc
    return self._engine.get_loc(key)
  File "pandas/index.pyx", line 132, in pandas.index.IndexEngine.get_loc (pandas/index.c:4433)
  File "pandas/index.pyx", line 154, in pandas.index.IndexEngine.get_loc (pandas/index.c:4279)
  File "pandas/src/hashtable_class_helper.pxi", line 732, in pandas.hashtable.PyObjectHashTable.get_item (pandas/hashtable.c:13742)
  File "pandas/src/hashtable_class_helper.pxi", line 740, in pandas.hashtable.PyObjectHashTable.get_item (pandas/hashtable.c:13696)
KeyError: ''

During handling of the above exception, another exception occurred:

Traceback (most recent call last):
  File "<stdin>", line 1, in <module>
  File "/usr/local/lib/python3.6/site-packages/pandas/core/frame.py", line 2059, in __getitem__
    return self._getitem_column(key)
  File "/usr/local/lib/python3.6/site-packages/pandas/core/frame.py", line 2066, in _getitem_column
    return self._get_item_cache(key)
  File "/usr/local/lib/python3.6/site-packages/pandas/core/generic.py", line 1386, in _get_item_cache
    values = self._data.get(item)
  File "/usr/local/lib/python3.6/site-packages/pandas/core/internals.py", line 3543, in get
    loc = self.items.get_loc(item)
  File "/usr/local/lib/python3.6/site-packages/pandas/indexes/base.py", line 2136, in get_loc
    return self._engine.get_loc(self._maybe_cast_indexer(key))
  File "pandas/index.pyx", line 132, in pandas.index.IndexEngine.get_loc (pandas/index.c:4433)
  File "pandas/index.pyx", line 154, in pandas.index.IndexEngine.get_loc (pandas/index.c:4279)
  File "pandas/src/hashtable_class_helper.pxi", line 732, in pandas.hashtable.PyObjectHashTable.get_item (pandas/hashtable.c:13742)
  File "pandas/src/hashtable_class_helper.pxi", line 740, in pandas.hashtable.PyObjectHashTable.get_item (pandas/hashtable.c:13696)
KeyError: ''
>>> p[]
  File "<stdin>", line 1
    p[]
      ^
SyntaxError: invalid syntax
>>> p["sepal length (cm)"]
0      abc
1      4.9
2      4.7
3      4.6
4        5
5      5.4
6      4.6
7        5
8      4.4
9      4.9
10     5.4
11     4.8
12     4.8
13     4.3
14     5.8
15     5.7
16     5.4
17     5.1
18     5.7
19     5.1
20     5.4
21     5.1
22     4.6
23     5.1
24     4.8
25       5
26       5
27     5.2
28     5.2
29     4.7
      ... 
120    6.9
121    5.6
122    7.7
123    6.3
124    6.7
125    7.2
126    6.2
127    6.1
128    6.4
129    7.2
130    7.4
131    7.9
132    6.4
133    6.3
134    6.1
135    7.7
136    6.3
137    6.4
138      6
139    6.9
140    6.7
141    6.9
142    5.8
143    6.8
144    6.7
145    6.7
146    6.3
147    6.5
148    6.2
149    5.9
Name: sepal length (cm), dtype: object
>>> p
    sepal length (cm)  sepal width (cm)  petal length (cm)  petal width (cm)
0                 abc               3.5                1.4               0.2
1                 4.9               3.0                1.4               0.2
2                 4.7               3.2                1.3               0.2
3                 4.6               3.1                1.5               0.2
4                   5               3.6                1.4               0.2
5                 5.4               3.9                1.7               0.4
6                 4.6               3.4                1.4               0.3
7                   5               3.4                1.5               0.2
8                 4.4               2.9                1.4               0.2
9                 4.9               3.1                1.5               0.1
10                5.4               3.7                1.5               0.2
11                4.8               3.4                1.6               0.2
12                4.8               3.0                1.4               0.1
13                4.3               3.0                1.1               0.1
14                5.8               4.0                1.2               0.2
15                5.7               4.4                1.5               0.4
16                5.4               3.9                1.3               0.4
17                5.1               3.5                1.4               0.3
18                5.7               3.8                1.7               0.3
19                5.1               3.8                1.5               0.3
20                5.4               3.4                1.7               0.2
21                5.1               3.7                1.5               0.4
22                4.6               3.6                1.0               0.2
23                5.1               3.3                1.7               0.5
24                4.8               3.4                1.9               0.2
25                  5               3.0                1.6               0.2
26                  5               3.4                1.6               0.4
27                5.2               3.5                1.5               0.2
28                5.2               3.4                1.4               0.2
29                4.7               3.2                1.6               0.2
..                ...               ...                ...               ...
120               6.9               3.2                5.7               2.3
121               5.6               2.8                4.9               2.0
122               7.7               2.8                6.7               2.0
123               6.3               2.7                4.9               1.8
124               6.7               3.3                5.7               2.1
125               7.2               3.2                6.0               1.8
126               6.2               2.8                4.8               1.8
127               6.1               3.0                4.9               1.8
128               6.4               2.8                5.6               2.1
129               7.2               3.0                5.8               1.6
130               7.4               2.8                6.1               1.9
131               7.9               3.8                6.4               2.0
132               6.4               2.8                5.6               2.2
133               6.3               2.8                5.1               1.5
134               6.1               2.6                5.6               1.4
135               7.7               3.0                6.1               2.3
136               6.3               3.4                5.6               2.4
137               6.4               3.1                5.5               1.8
138                 6               3.0                4.8               1.8
139               6.9               3.1                5.4               2.1
140               6.7               3.1                5.6               2.4
141               6.9               3.1                5.1               2.3
142               5.8               2.7                5.1               1.9
143               6.8               3.2                5.9               2.3
144               6.7               3.3                5.7               2.5
145               6.7               3.0                5.2               2.3
146               6.3               2.5                5.0               1.9
147               6.5               3.0                5.2               2.0
148               6.2               3.4                5.4               2.3
149               5.9               3.0                5.1               1.8

[150 rows x 4 columns]
>>> blah=p["sepal length (cm)"]
>>> p.blah
Traceback (most recent call last):
  File "<stdin>", line 1, in <module>
  File "/usr/local/lib/python3.6/site-packages/pandas/core/generic.py", line 2744, in __getattr__
    return object.__getattribute__(self, name)
AttributeError: 'DataFrame' object has no attribute 'blah'
>>> pblah()
Traceback (most recent call last):
  File "<stdin>", line 1, in <module>
NameError: name 'pblah' is not defined
>>> p.blah()
Traceback (most recent call last):
  File "<stdin>", line 1, in <module>
  File "/usr/local/lib/python3.6/site-packages/pandas/core/generic.py", line 2744, in __getattr__
    return object.__getattribute__(self, name)
AttributeError: 'DataFrame' object has no attribute 'blah'
>>> p.fillna(-10,inplace=True)
>>> p
    sepal length (cm)  sepal width (cm)  petal length (cm)  petal width (cm)
0                 abc               3.5                1.4               0.2
1                 4.9               3.0                1.4               0.2
2                 4.7               3.2                1.3               0.2
3                 4.6               3.1                1.5               0.2
4                   5               3.6                1.4               0.2
5                 5.4               3.9                1.7               0.4
6                 4.6               3.4                1.4               0.3
7                   5               3.4                1.5               0.2
8                 4.4               2.9                1.4               0.2
9                 4.9               3.1                1.5               0.1
10                5.4               3.7                1.5               0.2
11                4.8               3.4                1.6               0.2
12                4.8               3.0                1.4               0.1
13                4.3               3.0                1.1               0.1
14                5.8               4.0                1.2               0.2
15                5.7               4.4                1.5               0.4
16                5.4               3.9                1.3               0.4
17                5.1               3.5                1.4               0.3
18                5.7               3.8                1.7               0.3
19                5.1               3.8                1.5               0.3
20                5.4               3.4                1.7               0.2
21                5.1               3.7                1.5               0.4
22                4.6               3.6                1.0               0.2
23                5.1               3.3                1.7               0.5
24                4.8               3.4                1.9               0.2
25                  5               3.0                1.6               0.2
26                  5               3.4                1.6               0.4
27                5.2               3.5                1.5               0.2
28                5.2               3.4                1.4               0.2
29                4.7               3.2                1.6               0.2
..                ...               ...                ...               ...
120               6.9               3.2                5.7               2.3
121               5.6               2.8                4.9               2.0
122               7.7               2.8                6.7               2.0
123               6.3               2.7                4.9               1.8
124               6.7               3.3                5.7               2.1
125               7.2               3.2                6.0               1.8
126               6.2               2.8                4.8               1.8
127               6.1               3.0                4.9               1.8
128               6.4               2.8                5.6               2.1
129               7.2               3.0                5.8               1.6
130               7.4               2.8                6.1               1.9
131               7.9               3.8                6.4               2.0
132               6.4               2.8                5.6               2.2
133               6.3               2.8                5.1               1.5
134               6.1               2.6                5.6               1.4
135               7.7               3.0                6.1               2.3
136               6.3               3.4                5.6               2.4
137               6.4               3.1                5.5               1.8
138                 6               3.0                4.8               1.8
139               6.9               3.1                5.4               2.1
140               6.7               3.1                5.6               2.4
141               6.9               3.1                5.1               2.3
142               5.8               2.7                5.1               1.9
143               6.8               3.2                5.9               2.3
144               6.7               3.3                5.7               2.5
145               6.7               3.0                5.2               2.3
146               6.3               2.5                5.0               1.9
147               6.5               3.0                5.2               2.0
148               6.2               3.4                5.4               2.3
149               5.9               3.0                5.1               1.8

[150 rows x 4 columns]
>>> p.replace(4.9,4)
    sepal length (cm)  sepal width (cm)  petal length (cm)  petal width (cm)
0                 abc               3.5                1.4               0.2
1                   4               3.0                1.4               0.2
2                 4.7               3.2                1.3               0.2
3                 4.6               3.1                1.5               0.2
4                   5               3.6                1.4               0.2
5                 5.4               3.9                1.7               0.4
6                 4.6               3.4                1.4               0.3
7                   5               3.4                1.5               0.2
8                 4.4               2.9                1.4               0.2
9                   4               3.1                1.5               0.1
10                5.4               3.7                1.5               0.2
11                4.8               3.4                1.6               0.2
12                4.8               3.0                1.4               0.1
13                4.3               3.0                1.1               0.1
14                5.8               4.0                1.2               0.2
15                5.7               4.4                1.5               0.4
16                5.4               3.9                1.3               0.4
17                5.1               3.5                1.4               0.3
18                5.7               3.8                1.7               0.3
19                5.1               3.8                1.5               0.3
20                5.4               3.4                1.7               0.2
21                5.1               3.7                1.5               0.4
22                4.6               3.6                1.0               0.2
23                5.1               3.3                1.7               0.5
24                4.8               3.4                1.9               0.2
25                  5               3.0                1.6               0.2
26                  5               3.4                1.6               0.4
27                5.2               3.5                1.5               0.2
28                5.2               3.4                1.4               0.2
29                4.7               3.2                1.6               0.2
..                ...               ...                ...               ...
120               6.9               3.2                5.7               2.3
121               5.6               2.8                4.0               2.0
122               7.7               2.8                6.7               2.0
123               6.3               2.7                4.0               1.8
124               6.7               3.3                5.7               2.1
125               7.2               3.2                6.0               1.8
126               6.2               2.8                4.8               1.8
127               6.1               3.0                4.0               1.8
128               6.4               2.8                5.6               2.1
129               7.2               3.0                5.8               1.6
130               7.4               2.8                6.1               1.9
131               7.9               3.8                6.4               2.0
132               6.4               2.8                5.6               2.2
133               6.3               2.8                5.1               1.5
134               6.1               2.6                5.6               1.4
135               7.7               3.0                6.1               2.3
136               6.3               3.4                5.6               2.4
137               6.4               3.1                5.5               1.8
138                 6               3.0                4.8               1.8
139               6.9               3.1                5.4               2.1
140               6.7               3.1                5.6               2.4
141               6.9               3.1                5.1               2.3
142               5.8               2.7                5.1               1.9
143               6.8               3.2                5.9               2.3
144               6.7               3.3                5.7               2.5
145               6.7               3.0                5.2               2.3
146               6.3               2.5                5.0               1.9
147               6.5               3.0                5.2               2.0
148               6.2               3.4                5.4               2.3
149               5.9               3.0                5.1               1.8

[150 rows x 4 columns]
>>> p.replace(4.9,4, inplace=True)
>>> p
    sepal length (cm)  sepal width (cm)  petal length (cm)  petal width (cm)
0                 abc               3.5                1.4               0.2
1                   4               3.0                1.4               0.2
2                 4.7               3.2                1.3               0.2
3                 4.6               3.1                1.5               0.2
4                   5               3.6                1.4               0.2
5                 5.4               3.9                1.7               0.4
6                 4.6               3.4                1.4               0.3
7                   5               3.4                1.5               0.2
8                 4.4               2.9                1.4               0.2
9                   4               3.1                1.5               0.1
10                5.4               3.7                1.5               0.2
11                4.8               3.4                1.6               0.2
12                4.8               3.0                1.4               0.1
13                4.3               3.0                1.1               0.1
14                5.8               4.0                1.2               0.2
15                5.7               4.4                1.5               0.4
16                5.4               3.9                1.3               0.4
17                5.1               3.5                1.4               0.3
18                5.7               3.8                1.7               0.3
19                5.1               3.8                1.5               0.3
20                5.4               3.4                1.7               0.2
21                5.1               3.7                1.5               0.4
22                4.6               3.6                1.0               0.2
23                5.1               3.3                1.7               0.5
24                4.8               3.4                1.9               0.2
25                  5               3.0                1.6               0.2
26                  5               3.4                1.6               0.4
27                5.2               3.5                1.5               0.2
28                5.2               3.4                1.4               0.2
29                4.7               3.2                1.6               0.2
..                ...               ...                ...               ...
120               6.9               3.2                5.7               2.3
121               5.6               2.8                4.0               2.0
122               7.7               2.8                6.7               2.0
123               6.3               2.7                4.0               1.8
124               6.7               3.3                5.7               2.1
125               7.2               3.2                6.0               1.8
126               6.2               2.8                4.8               1.8
127               6.1               3.0                4.0               1.8
128               6.4               2.8                5.6               2.1
129               7.2               3.0                5.8               1.6
130               7.4               2.8                6.1               1.9
131               7.9               3.8                6.4               2.0
132               6.4               2.8                5.6               2.2
133               6.3               2.8                5.1               1.5
134               6.1               2.6                5.6               1.4
135               7.7               3.0                6.1               2.3
136               6.3               3.4                5.6               2.4
137               6.4               3.1                5.5               1.8
138                 6               3.0                4.8               1.8
139               6.9               3.1                5.4               2.1
140               6.7               3.1                5.6               2.4
141               6.9               3.1                5.1               2.3
142               5.8               2.7                5.1               1.9
143               6.8               3.2                5.9               2.3
144               6.7               3.3                5.7               2.5
145               6.7               3.0                5.2               2.3
146               6.3               2.5                5.0               1.9
147               6.5               3.0                5.2               2.0
148               6.2               3.4                5.4               2.3
149               5.9               3.0                5.1               1.8

[150 rows x 4 columns]
>>> p.dropna()
    sepal length (cm)  sepal width (cm)  petal length (cm)  petal width (cm)
0                 abc               3.5                1.4               0.2
1                   4               3.0                1.4               0.2
2                 4.7               3.2                1.3               0.2
3                 4.6               3.1                1.5               0.2
4                   5               3.6                1.4               0.2
5                 5.4               3.9                1.7               0.4
6                 4.6               3.4                1.4               0.3
7                   5               3.4                1.5               0.2
8                 4.4               2.9                1.4               0.2
9                   4               3.1                1.5               0.1
10                5.4               3.7                1.5               0.2
11                4.8               3.4                1.6               0.2
12                4.8               3.0                1.4               0.1
13                4.3               3.0                1.1               0.1
14                5.8               4.0                1.2               0.2
15                5.7               4.4                1.5               0.4
16                5.4               3.9                1.3               0.4
17                5.1               3.5                1.4               0.3
18                5.7               3.8                1.7               0.3
19                5.1               3.8                1.5               0.3
20                5.4               3.4                1.7               0.2
21                5.1               3.7                1.5               0.4
22                4.6               3.6                1.0               0.2
23                5.1               3.3                1.7               0.5
24                4.8               3.4                1.9               0.2
25                  5               3.0                1.6               0.2
26                  5               3.4                1.6               0.4
27                5.2               3.5                1.5               0.2
28                5.2               3.4                1.4               0.2
29                4.7               3.2                1.6               0.2
..                ...               ...                ...               ...
120               6.9               3.2                5.7               2.3
121               5.6               2.8                4.0               2.0
122               7.7               2.8                6.7               2.0
123               6.3               2.7                4.0               1.8
124               6.7               3.3                5.7               2.1
125               7.2               3.2                6.0               1.8
126               6.2               2.8                4.8               1.8
127               6.1               3.0                4.0               1.8
128               6.4               2.8                5.6               2.1
129               7.2               3.0                5.8               1.6
130               7.4               2.8                6.1               1.9
131               7.9               3.8                6.4               2.0
132               6.4               2.8                5.6               2.2
133               6.3               2.8                5.1               1.5
134               6.1               2.6                5.6               1.4
135               7.7               3.0                6.1               2.3
136               6.3               3.4                5.6               2.4
137               6.4               3.1                5.5               1.8
138                 6               3.0                4.8               1.8
139               6.9               3.1                5.4               2.1
140               6.7               3.1                5.6               2.4
141               6.9               3.1                5.1               2.3
142               5.8               2.7                5.1               1.9
143               6.8               3.2                5.9               2.3
144               6.7               3.3                5.7               2.5
145               6.7               3.0                5.2               2.3
146               6.3               2.5                5.0               1.9
147               6.5               3.0                5.2               2.0
148               6.2               3.4                5.4               2.3
149               5.9               3.0                5.1               1.8

[150 rows x 4 columns]
>>> p.info()
<class 'pandas.core.frame.DataFrame'>
RangeIndex: 150 entries, 0 to 149
Data columns (total 4 columns):
sepal length (cm)    150 non-null object
sepal width (cm)     150 non-null float64
petal length (cm)    150 non-null float64
petal width (cm)     150 non-null float64
dtypes: float64(3), object(1)
memory usage: 4.8+ KB
>>> from sklearn import preprocessing 
>>> con = preprocessing.label
>>> from sklearn.feature_selection import RFE
>>> from sklearn.svm
  File "<stdin>", line 1
    from sklearn.svm
                   ^
SyntaxError: invalid syntax
>>> from sklearn.svm import SVR
>>> model = SVR(kernel="linear")
>>> selector = RFE(model,5)
>>> d= datasets.load_iris()
>>> selector.fit(d.data,d.target)
RFE(estimator=SVR(C=1.0, cache_size=200, coef0=0.0, degree=3, epsilon=0.1, gamma='auto',
  kernel='linear', max_iter=-1, shrinking=True, tol=0.001, verbose=False),
  n_features_to_select=5, step=1, verbose=0)
>>> selector.support_
array([ True,  True,  True,  True], dtype=bool)
>>> selector =RFE(model,2)
>>> selector.fit(d.data,d.target)
RFE(estimator=SVR(C=1.0, cache_size=200, coef0=0.0, degree=3, epsilon=0.1, gamma='auto',
  kernel='linear', max_iter=-1, shrinking=True, tol=0.001, verbose=False),
  n_features_to_select=2, step=1, verbose=0)
>>> selector.support_
array([False, False,  True,  True], dtype=bool)
>>> selector =RFE(model,2,step=2)
>>> selector =RFE(model,2)
>>> selector.support_
Traceback (most recent call last):
  File "<stdin>", line 1, in <module>
AttributeError: 'RFE' object has no attribute 'support_'
>>> selector.fit(d.data,d.target)
RFE(estimator=SVR(C=1.0, cache_size=200, coef0=0.0, degree=3, epsilon=0.1, gamma='auto',
  kernel='linear', max_iter=-1, shrinking=True, tol=0.001, verbose=False),
  n_features_to_select=2, step=1, verbose=0)
>>> selector.support_
array([False, False,  True,  True], dtype=bool)
>>> selector.ranking_
array([2, 3, 1, 1])
>>> import glass.csv
Traceback (most recent call last):
  File "<stdin>", line 1, in <module>
ModuleNotFoundError: No module named 'glass'
>>> import datasets glass.csv
  File "<stdin>", line 1
    import datasets glass.csv
                        ^
SyntaxError: invalid syntax
>>> pandas.read_csv
Traceback (most recent call last):
  File "<stdin>", line 1, in <module>
NameError: name 'pandas' is not defined
>>> pwd
Traceback (most recent call last):
  File "<stdin>", line 1, in <module>
NameError: name 'pwd' is not defined
>>> bash
Traceback (most recent call last):
  File "<stdin>", line 1, in <module>
NameError: name 'bash' is not defined
>>> 
